---------------------------------------------------------------
[ 2018-01-30T15:46:17+08:00 ] 127.0.0.1 GET /resource.html
[ info ] www.blog.com/resource.html [运行时间：0.030172s][吞吐率：33.14req/s] [内存消耗：2,118.73kb] [文件加载：42]
[ info ] [ LANG ] /Users/Svn/www.blog.com/thinkphp/lang/zh-cn.php
[ info ] [ ROUTE ] array (
  'type' => 'module',
  'module' => 
  array (
    0 => 'index',
    1 => 'Resource',
    2 => 'index',
  ),
  'convert' => false,
)
[ info ] [ HEADER ] array (
  'host' => 'www.blog.com',
  'connection' => 'keep-alive',
  'user-agent' => 'Mozilla/5.0 (Macintosh; Intel Mac OS X 10_11_6) AppleWebKit/537.36 (KHTML, like Gecko) Chrome/63.0.3239.132 Safari/537.36',
  'upgrade-insecure-requests' => '1',
  'accept' => 'text/html,application/xhtml+xml,application/xml;q=0.9,image/webp,image/apng,*/*;q=0.8',
  'accept-encoding' => 'gzip, deflate',
  'accept-language' => 'zh-CN,zh;q=0.9',
  'cookie' => 'thinkphp_show_page_trace=0|5; PHPSESSID=vro0eu42p87orl5hjm364avtg1',
)
[ info ] [ PARAM ] array (
)
[ info ] [ RUN ] app\index\controller\ResourceController->index[ /Users/Svn/www.blog.com/app/index/controller/ResourceController.php ]
[ info ] [ VIEW ] /Users/Svn/www.blog.com/app/index/view/resource/index.html [ array (
) ]
[ info ] [ LOG ] INIT File
---------------------------------------------------------------
[ 2018-01-30T15:46:22+08:00 ] 127.0.0.1 GET /resource.html
[ info ] www.blog.com/resource.html [运行时间：0.013217s][吞吐率：75.66req/s] [内存消耗：1,905.41kb] [文件加载：40]
[ info ] [ LANG ] /Users/Svn/www.blog.com/thinkphp/lang/zh-cn.php
[ info ] [ ROUTE ] array (
  'type' => 'module',
  'module' => 
  array (
    0 => 'index',
    1 => 'Resource',
    2 => 'index',
  ),
  'convert' => false,
)
[ info ] [ HEADER ] array (
  'host' => 'www.blog.com',
  'connection' => 'keep-alive',
  'user-agent' => 'Mozilla/5.0 (Macintosh; Intel Mac OS X 10_11_6) AppleWebKit/537.36 (KHTML, like Gecko) Chrome/63.0.3239.132 Safari/537.36',
  'upgrade-insecure-requests' => '1',
  'accept' => 'text/html,application/xhtml+xml,application/xml;q=0.9,image/webp,image/apng,*/*;q=0.8',
  'accept-encoding' => 'gzip, deflate',
  'accept-language' => 'zh-CN,zh;q=0.9',
  'cookie' => 'thinkphp_show_page_trace=0|5; PHPSESSID=vro0eu42p87orl5hjm364avtg1',
)
[ info ] [ PARAM ] array (
)
[ info ] [ RUN ] app\index\controller\ResourceController->index[ /Users/Svn/www.blog.com/app/index/controller/ResourceController.php ]
[ info ] [ VIEW ] /Users/Svn/www.blog.com/app/index/view/resource/index.html [ array (
) ]
[ info ] [ LOG ] INIT File
---------------------------------------------------------------
[ 2018-01-30T15:46:31+08:00 ] 127.0.0.1 GET /home.html
[ info ] www.blog.com/home.html [运行时间：0.034483s][吞吐率：29.00req/s] [内存消耗：3,110.66kb] [文件加载：47]
[ info ] [ LANG ] /Users/Svn/www.blog.com/thinkphp/lang/zh-cn.php
[ info ] [ ROUTE ] array (
  'type' => 'module',
  'module' => 
  array (
    0 => 'index',
    1 => 'Index',
    2 => 'index',
  ),
  'convert' => false,
)
[ info ] [ HEADER ] array (
  'host' => 'www.blog.com',
  'connection' => 'keep-alive',
  'user-agent' => 'Mozilla/5.0 (Macintosh; Intel Mac OS X 10_11_6) AppleWebKit/537.36 (KHTML, like Gecko) Chrome/63.0.3239.132 Safari/537.36',
  'upgrade-insecure-requests' => '1',
  'accept' => 'text/html,application/xhtml+xml,application/xml;q=0.9,image/webp,image/apng,*/*;q=0.8',
  'accept-encoding' => 'gzip, deflate',
  'accept-language' => 'zh-CN,zh;q=0.9',
  'cookie' => 'thinkphp_show_page_trace=0|5; PHPSESSID=vro0eu42p87orl5hjm364avtg1',
)
[ info ] [ PARAM ] array (
)
[ info ] [ RUN ] app\index\controller\IndexController->index[ /Users/Svn/www.blog.com/app/index/controller/IndexController.php ]
[ info ] [ SESSION ] INIT array (
  'prefix' => 'module',
  'type' => '',
  'auto_start' => true,
)
[ info ] [ DB ] INIT mysql
[ info ] [ VIEW ] /Users/Svn/www.blog.com/app/index/view/index/index.html [ array (
  0 => 'info',
) ]
[ info ] [ LOG ] INIT File
